Linked: (/home/philchen/ros_basic/devel/.private/ros_define_data/lib/ros_define_data/client, /home/philchen/ros_basic/devel/lib/ros_define_data/client)
Linked: (/home/philchen/ros_basic/devel/.private/ros_define_data/lib/ros_define_data/server, /home/philchen/ros_basic/devel/lib/ros_define_data/server)
Linked: (/home/philchen/ros_basic/devel/.private/ros_define_data/lib/ros_define_data/publisher, /home/philchen/ros_basic/devel/lib/ros_define_data/publisher)
Linked: (/home/philchen/ros_basic/devel/.private/ros_define_data/lib/ros_define_data/subscriber, /home/philchen/ros_basic/devel/lib/ros_define_data/subscriber)
Linked: (/home/philchen/ros_basic/devel/.private/ros_define_data/lib/pkgconfig/ros_define_data.pc, /home/philchen/ros_basic/devel/lib/pkgconfig/ros_define_data.pc)
Linked: (/home/philchen/ros_basic/devel/.private/ros_define_data/lib/python2.7/dist-packages/ros_define_data/__init__.py, /home/philchen/ros_basic/devel/lib/python2.7/dist-packages/ros_define_data/__init__.py)
Linked: (/home/philchen/ros_basic/devel/.private/ros_define_data/lib/python2.7/dist-packages/ros_define_data/srv/__init__.py, /home/philchen/ros_basic/devel/lib/python2.7/dist-packages/ros_define_data/srv/__init__.py)
Linked: (/home/philchen/ros_basic/devel/.private/ros_define_data/lib/python2.7/dist-packages/ros_define_data/srv/_grasp_.py, /home/philchen/ros_basic/devel/lib/python2.7/dist-packages/ros_define_data/srv/_grasp_.py)
Linked: (/home/philchen/ros_basic/devel/.private/ros_define_data/lib/python2.7/dist-packages/ros_define_data/msg/__init__.py, /home/philchen/ros_basic/devel/lib/python2.7/dist-packages/ros_define_data/msg/__init__.py)
Linked: (/home/philchen/ros_basic/devel/.private/ros_define_data/lib/python2.7/dist-packages/ros_define_data/msg/_grasp.py, /home/philchen/ros_basic/devel/lib/python2.7/dist-packages/ros_define_data/msg/_grasp.py)
Linked: (/home/philchen/ros_basic/devel/.private/ros_define_data/include/ros_define_data/grasp_.h, /home/philchen/ros_basic/devel/include/ros_define_data/grasp_.h)
Linked: (/home/philchen/ros_basic/devel/.private/ros_define_data/include/ros_define_data/grasp.h, /home/philchen/ros_basic/devel/include/ros_define_data/grasp.h)
Linked: (/home/philchen/ros_basic/devel/.private/ros_define_data/include/ros_define_data/grasp_Response.h, /home/philchen/ros_basic/devel/include/ros_define_data/grasp_Response.h)
Linked: (/home/philchen/ros_basic/devel/.private/ros_define_data/include/ros_define_data/grasp_Request.h, /home/philchen/ros_basic/devel/include/ros_define_data/grasp_Request.h)
Linked: (/home/philchen/ros_basic/devel/.private/ros_define_data/share/ros_define_data/cmake/ros_define_dataConfig-version.cmake, /home/philchen/ros_basic/devel/share/ros_define_data/cmake/ros_define_dataConfig-version.cmake)
Linked: (/home/philchen/ros_basic/devel/.private/ros_define_data/share/ros_define_data/cmake/ros_define_dataConfig.cmake, /home/philchen/ros_basic/devel/share/ros_define_data/cmake/ros_define_dataConfig.cmake)
Linked: (/home/philchen/ros_basic/devel/.private/ros_define_data/share/ros_define_data/cmake/ros_define_data-msg-paths.cmake, /home/philchen/ros_basic/devel/share/ros_define_data/cmake/ros_define_data-msg-paths.cmake)
Linked: (/home/philchen/ros_basic/devel/.private/ros_define_data/share/ros_define_data/cmake/ros_define_data-msg-extras.cmake, /home/philchen/ros_basic/devel/share/ros_define_data/cmake/ros_define_data-msg-extras.cmake)
Linked: (/home/philchen/ros_basic/devel/.private/ros_define_data/share/roseus/ros/ros_define_data/manifest.l, /home/philchen/ros_basic/devel/share/roseus/ros/ros_define_data/manifest.l)
Linked: (/home/philchen/ros_basic/devel/.private/ros_define_data/share/roseus/ros/ros_define_data/srv/grasp_.l, /home/philchen/ros_basic/devel/share/roseus/ros/ros_define_data/srv/grasp_.l)
Linked: (/home/philchen/ros_basic/devel/.private/ros_define_data/share/roseus/ros/ros_define_data/msg/grasp.l, /home/philchen/ros_basic/devel/share/roseus/ros/ros_define_data/msg/grasp.l)
Linked: (/home/philchen/ros_basic/devel/.private/ros_define_data/share/common-lisp/ros/ros_define_data/srv/ros_define_data-srv.asd, /home/philchen/ros_basic/devel/share/common-lisp/ros/ros_define_data/srv/ros_define_data-srv.asd)
Linked: (/home/philchen/ros_basic/devel/.private/ros_define_data/share/common-lisp/ros/ros_define_data/srv/_package.lisp, /home/philchen/ros_basic/devel/share/common-lisp/ros/ros_define_data/srv/_package.lisp)
Linked: (/home/philchen/ros_basic/devel/.private/ros_define_data/share/common-lisp/ros/ros_define_data/srv/grasp_.lisp, /home/philchen/ros_basic/devel/share/common-lisp/ros/ros_define_data/srv/grasp_.lisp)
Linked: (/home/philchen/ros_basic/devel/.private/ros_define_data/share/common-lisp/ros/ros_define_data/srv/_package_grasp_.lisp, /home/philchen/ros_basic/devel/share/common-lisp/ros/ros_define_data/srv/_package_grasp_.lisp)
Linked: (/home/philchen/ros_basic/devel/.private/ros_define_data/share/common-lisp/ros/ros_define_data/msg/grasp.lisp, /home/philchen/ros_basic/devel/share/common-lisp/ros/ros_define_data/msg/grasp.lisp)
Linked: (/home/philchen/ros_basic/devel/.private/ros_define_data/share/common-lisp/ros/ros_define_data/msg/ros_define_data-msg.asd, /home/philchen/ros_basic/devel/share/common-lisp/ros/ros_define_data/msg/ros_define_data-msg.asd)
Linked: (/home/philchen/ros_basic/devel/.private/ros_define_data/share/common-lisp/ros/ros_define_data/msg/_package.lisp, /home/philchen/ros_basic/devel/share/common-lisp/ros/ros_define_data/msg/_package.lisp)
Linked: (/home/philchen/ros_basic/devel/.private/ros_define_data/share/common-lisp/ros/ros_define_data/msg/_package_grasp.lisp, /home/philchen/ros_basic/devel/share/common-lisp/ros/ros_define_data/msg/_package_grasp.lisp)
Linked: (/home/philchen/ros_basic/devel/.private/ros_define_data/share/gennodejs/ros/ros_define_data/_index.js, /home/philchen/ros_basic/devel/share/gennodejs/ros/ros_define_data/_index.js)
Linked: (/home/philchen/ros_basic/devel/.private/ros_define_data/share/gennodejs/ros/ros_define_data/srv/grasp_.js, /home/philchen/ros_basic/devel/share/gennodejs/ros/ros_define_data/srv/grasp_.js)
Linked: (/home/philchen/ros_basic/devel/.private/ros_define_data/share/gennodejs/ros/ros_define_data/srv/_index.js, /home/philchen/ros_basic/devel/share/gennodejs/ros/ros_define_data/srv/_index.js)
Linked: (/home/philchen/ros_basic/devel/.private/ros_define_data/share/gennodejs/ros/ros_define_data/msg/grasp.js, /home/philchen/ros_basic/devel/share/gennodejs/ros/ros_define_data/msg/grasp.js)
Linked: (/home/philchen/ros_basic/devel/.private/ros_define_data/share/gennodejs/ros/ros_define_data/msg/_index.js, /home/philchen/ros_basic/devel/share/gennodejs/ros/ros_define_data/msg/_index.js)
