[01m[K/home/philchen/ros_basic/src/ros_define_data/src/server.cpp:3:10:[m[K [01;31m[Kfatal error: [m[Kros_define_data/grasp_.h: No such file or directory
 #include [01;31m[K<ros_define_data/grasp_.h>[m[K
          [01;31m[K^~~~~~~~~~~~~~~~~~~~~~~~~~[m[K
compilation terminated.
make[2]: *** [CMakeFiles/server.dir/src/server.cpp.o] Error 1
make[1]: *** [CMakeFiles/server.dir/all] Error 2
make[1]: *** Waiting for unfinished jobs....
[01m[K/home/philchen/ros_basic/src/ros_define_data/src/publisher.cpp:2:10:[m[K [01;31m[Kfatal error: [m[Kros_define_data/grasp.h: No such file or directory
 #include [01;31m[K"ros_define_data/grasp.h"[m[K
          [01;31m[K^~~~~~~~~~~~~~~~~~~~~~~~~[m[K
compilation terminated.
make[2]: *** [CMakeFiles/publisher.dir/src/publisher.cpp.o] Error 1
make[1]: *** [CMakeFiles/publisher.dir/all] Error 2
[01m[K/home/philchen/ros_basic/src/ros_define_data/src/subscriber.cpp:2:10:[m[K [01;31m[Kfatal error: [m[Kros_define_data/grasp.h: No such file or directory
 #include [01;31m[K"ros_define_data/grasp.h"[m[K
          [01;31m[K^~~~~~~~~~~~~~~~~~~~~~~~~[m[K
compilation terminated.
make[2]: *** [CMakeFiles/subscriber.dir/src/subscriber.cpp.o] Error 1
make[1]: *** [CMakeFiles/subscriber.dir/all] Error 2
[01m[K/home/philchen/ros_basic/src/ros_define_data/src/client.cpp:3:10:[m[K [01;31m[Kfatal error: [m[Kros_define_data/grasp_.h: No such file or directory
 #include [01;31m[K<ros_define_data/grasp_.h>[m[K
          [01;31m[K^~~~~~~~~~~~~~~~~~~~~~~~~~[m[K
compilation terminated.
make[2]: *** [CMakeFiles/client.dir/src/client.cpp.o] Error 1
make[1]: *** [CMakeFiles/client.dir/all] Error 2
make: *** [all] Error 2
