Performing C SOURCE FILE Test CMAKE_HAVE_LIBC_PTHREAD failed with the following output:
Change Dir: /home/philchen/ros_basic/build/ur3_moveit_config/CMakeFiles/CMakeTmp

Run Build Command(s):/usr/bin/make cmTC_972ed/fast && /usr/bin/make  -f CMakeFiles/cmTC_972ed.dir/build.make CMakeFiles/cmTC_972ed.dir/build
make[1]: Entering directory '/home/philchen/ros_basic/build/ur3_moveit_config/CMakeFiles/CMakeTmp'
Building C object CMakeFiles/cmTC_972ed.dir/src.c.o
/usr/bin/cc -DCMAKE_HAVE_LIBC_PTHREAD   -o CMakeFiles/cmTC_972ed.dir/src.c.o -c /home/philchen/ros_basic/build/ur3_moveit_config/CMakeFiles/CMakeTmp/src.c
Linking C executable cmTC_972ed
/usr/local/bin/cmake -E cmake_link_script CMakeFiles/cmTC_972ed.dir/link.txt --verbose=1
/usr/bin/cc -rdynamic CMakeFiles/cmTC_972ed.dir/src.c.o -o cmTC_972ed 
CMakeFiles/cmTC_972ed.dir/src.c.o: In function `main':
src.c:(.text+0x3e): undefined reference to `pthread_create'
src.c:(.text+0x4a): undefined reference to `pthread_detach'
src.c:(.text+0x56): undefined reference to `pthread_cancel'
src.c:(.text+0x67): undefined reference to `pthread_join'
src.c:(.text+0x7b): undefined reference to `pthread_atfork'
collect2: error: ld returned 1 exit status
CMakeFiles/cmTC_972ed.dir/build.make:105: recipe for target 'cmTC_972ed' failed
make[1]: *** [cmTC_972ed] Error 1
make[1]: Leaving directory '/home/philchen/ros_basic/build/ur3_moveit_config/CMakeFiles/CMakeTmp'
Makefile:140: recipe for target 'cmTC_972ed/fast' failed
make: *** [cmTC_972ed/fast] Error 2


Source file was:
#include <pthread.h>

static void* test_func(void* data)
{
  return data;
}

int main(void)
{
  pthread_t thread;
  pthread_create(&thread, NULL, test_func, NULL);
  pthread_detach(thread);
  pthread_cancel(thread);
  pthread_join(thread, NULL);
  pthread_atfork(NULL, NULL, NULL);
  pthread_exit(NULL);

  return 0;
}

Determining if the function pthread_create exists in the pthreads failed with the following output:
Change Dir: /home/philchen/ros_basic/build/ur3_moveit_config/CMakeFiles/CMakeTmp

Run Build Command(s):/usr/bin/make cmTC_fdc22/fast && /usr/bin/make  -f CMakeFiles/cmTC_fdc22.dir/build.make CMakeFiles/cmTC_fdc22.dir/build
make[1]: Entering directory '/home/philchen/ros_basic/build/ur3_moveit_config/CMakeFiles/CMakeTmp'
Building C object CMakeFiles/cmTC_fdc22.dir/CheckFunctionExists.c.o
/usr/bin/cc   -DCHECK_FUNCTION_EXISTS=pthread_create -o CMakeFiles/cmTC_fdc22.dir/CheckFunctionExists.c.o -c /usr/local/share/cmake-3.19/Modules/CheckFunctionExists.c
Linking C executable cmTC_fdc22
/usr/local/bin/cmake -E cmake_link_script CMakeFiles/cmTC_fdc22.dir/link.txt --verbose=1
/usr/bin/cc  -DCHECK_FUNCTION_EXISTS=pthread_create -rdynamic CMakeFiles/cmTC_fdc22.dir/CheckFunctionExists.c.o -o cmTC_fdc22  -lpthreads 
/usr/bin/ld: cannot find -lpthreads
collect2: error: ld returned 1 exit status
CMakeFiles/cmTC_fdc22.dir/build.make:105: recipe for target 'cmTC_fdc22' failed
make[1]: *** [cmTC_fdc22] Error 1
make[1]: Leaving directory '/home/philchen/ros_basic/build/ur3_moveit_config/CMakeFiles/CMakeTmp'
Makefile:140: recipe for target 'cmTC_fdc22/fast' failed
make: *** [cmTC_fdc22/fast] Error 2



